<?xml version="1.0" encoding="UTF-8"?>
<!-- Generated by org.testng.reporters.JUnitXMLReporter -->
<testsuite ignored="0" hostname="EC2AMAZ-S11DBRH" failures="0" tests="4" name="Default test" time="14.782" errors="0" timestamp="2024-04-26T05:18:13 GMT">
  <testcase classname="testScript.GooglePageTest" name="appiumSearchTest" time="3.543"/>
  <testcase classname="testScript.GooglePageTest" name="cucumberSearchTest" time="1.886"/>
  <testcase classname="testScript.GooglePageTest" name="seleniumSearchTest" time="4.188"/>
  <testcase classname="testScript.GooglePageTest" name="javaSearchTest" time="2.663"/>
</testsuite> <!-- Default test -->
