<?xml version="1.0" encoding="UTF-8"?>
<!-- Generated by org.testng.reporters.JUnitXMLReporter -->
<testsuite ignored="1" hostname="EC2AMAZ-S11DBRH" failures="0" tests="1" name="ModuleOneTest(failed)" time="5.764" errors="0" timestamp="2024-04-26T04:46:55 GMT">
  <testcase classname="testScript.GooglePageTest" name="seleniumSearchTest" time="3.31"/>
  <testcase classname="testScript.GooglePageTest" name="javaSearchTest" time="0.0">
    <ignored/>
  </testcase> <!-- javaSearchTest -->
</testsuite> <!-- ModuleOneTest(failed) -->
