<?xml version="1.0" encoding="UTF-8"?>
<!-- Generated by org.testng.reporters.JUnitXMLReporter -->
<testsuite ignored="4" hostname="EC2AMAZ-S11DBRH" failures="0" tests="4" name="ModuleOneTest" time="0.078" errors="0" timestamp="2024-04-26T06:22:47 GMT">
  <testcase classname="testScript.SampleTwoTest" name="Testone" time="0.009"/>
  <testcase classname="testScript.SampleTwoTest" name="Testtwo" time="0.002"/>
  <testcase classname="testScript.SampleThreeTest" name="testone" time="0.001"/>
  <testcase classname="testScript.SampleThreeTest" name="testtwo" time="0.002"/>
  <testcase classname="testScript.SampleTwoTest" name="Testfour" time="0.0">
    <ignored/>
  </testcase> <!-- Testfour -->
  <testcase classname="testScript.SampleThreeTest" name="testthree" time="0.0">
    <ignored/>
  </testcase> <!-- testthree -->
  <testcase classname="testScript.SampleThreeTest" name="testfour" time="0.0">
    <ignored/>
  </testcase> <!-- testfour -->
  <testcase classname="testScript.SampleTwoTest" name="Testthree" time="0.0">
    <ignored/>
  </testcase> <!-- Testthree -->
</testsuite> <!-- ModuleOneTest -->
