<?xml version="1.0" encoding="UTF-8"?>
<testng-results ignored="0" total="1" passed="1" failed="0" skipped="0">
  <reporter-output>
  </reporter-output>
  <suite started-at="2024-04-25T07:19:47 GMT" name="Default suite" finished-at="2024-04-25T07:19:50 GMT" duration-ms="2314">
    <groups>
    </groups>
    <test started-at="2024-04-25T07:19:47 GMT" name="Default test" finished-at="2024-04-25T07:19:50 GMT" duration-ms="2314">
      <class name="testScript.GooglePageTest">
        <test-method signature="javaSearchTest()[pri:0, instance:testScript.GooglePageTest@6c779568]" started-at="2024-04-25T07:19:47 GMT" name="javaSearchTest" finished-at="2024-04-25T07:19:50 GMT" duration-ms="2275" status="PASS">
          <reporter-output>
          </reporter-output>
        </test-method> <!-- javaSearchTest -->
      </class> <!-- testScript.GooglePageTest -->
    </test> <!-- Default test -->
  </suite> <!-- Default suite -->
</testng-results>
